[2024-11-06T13:28:46.308+0000] {local_task_job_runner.py:123} INFO - ::group::Pre task execution logs
[2024-11-06T13:28:46.595+0000] {taskinstance.py:2612} INFO - Dependencies all met for dep_context=non-requeueable deps ti=<TaskInstance: airbnb_data_pipeline.check_and_download_data manual__2024-11-06T13:28:33.784100+00:00 [queued]>
[2024-11-06T13:28:46.625+0000] {taskinstance.py:2612} INFO - Dependencies all met for dep_context=requeueable deps ti=<TaskInstance: airbnb_data_pipeline.check_and_download_data manual__2024-11-06T13:28:33.784100+00:00 [queued]>
[2024-11-06T13:28:46.626+0000] {taskinstance.py:2865} INFO - Starting attempt 1 of 1
[2024-11-06T13:28:46.672+0000] {taskinstance.py:2888} INFO - Executing <Task(BranchPythonOperator): check_and_download_data> on 2024-11-06 13:28:33.784100+00:00
[2024-11-06T13:28:46.699+0000] {warnings.py:112} WARNING - /home/***/.local/lib/python3.12/site-packages/***/task/task_runner/standard_task_runner.py:70: DeprecationWarning: This process (pid=72) is multi-threaded, use of fork() may lead to deadlocks in the child.
  pid = os.fork()

[2024-11-06T13:28:46.725+0000] {standard_task_runner.py:72} INFO - Started process 83 to run task
[2024-11-06T13:28:46.734+0000] {standard_task_runner.py:104} INFO - Running: ['***', 'tasks', 'run', 'airbnb_data_pipeline', 'check_and_download_data', 'manual__2024-11-06T13:28:33.784100+00:00', '--job-id', '56', '--raw', '--subdir', 'DAGS_FOLDER/airbnb_dag.py', '--cfg-path', '/tmp/tmp9i3lus70']
[2024-11-06T13:28:46.738+0000] {standard_task_runner.py:105} INFO - Job 56: Subtask check_and_download_data
[2024-11-06T13:28:46.935+0000] {task_command.py:467} INFO - Running <TaskInstance: airbnb_data_pipeline.check_and_download_data manual__2024-11-06T13:28:33.784100+00:00 [running]> on host 552c70a48aab
[2024-11-06T13:28:47.156+0000] {taskinstance.py:3131} INFO - Exporting env vars: AIRFLOW_CTX_DAG_OWNER='***' AIRFLOW_CTX_DAG_ID='airbnb_data_pipeline' AIRFLOW_CTX_TASK_ID='check_and_download_data' AIRFLOW_CTX_EXECUTION_DATE='2024-11-06T13:28:33.784100+00:00' AIRFLOW_CTX_TRY_NUMBER='1' AIRFLOW_CTX_DAG_RUN_ID='manual__2024-11-06T13:28:33.784100+00:00'
[2024-11-06T13:28:47.161+0000] {logging_mixin.py:190} INFO - Task instance is in running state
[2024-11-06T13:28:47.162+0000] {logging_mixin.py:190} INFO -  Previous state of the Task instance: queued
[2024-11-06T13:28:47.166+0000] {logging_mixin.py:190} INFO - Current task name:check_and_download_data state:running start_date:2024-11-06 13:28:46.604648+00:00
[2024-11-06T13:28:47.167+0000] {logging_mixin.py:190} INFO - Dag name:airbnb_data_pipeline and current dag run status:running
[2024-11-06T13:28:47.173+0000] {taskinstance.py:731} INFO - ::endgroup::
[2024-11-06T13:28:47.173+0000] {baseoperator.py:405} WARNING - BranchPythonOperator.execute cannot be called outside TaskInstance!
[2024-11-06T13:28:47.175+0000] {logging_mixin.py:190} INFO - https://data.insideairbnb.com/the-netherlands/north-holland/amsterdam/2024-09-05/data/listings.csv.gz
[2024-11-06T13:28:49.310+0000] {logging_mixin.py:190} INFO - 200
[2024-11-06T13:29:04.513+0000] {job.py:229} INFO - Heartbeat recovered after 18.44 seconds
[2024-11-06T13:30:21.310+0000] {logging_mixin.py:190} INFO - Data saved to /opt/***/data/input/amsterdam_2024-09-05_listings.csv
[2024-11-06T13:30:25.767+0000] {python.py:240} INFO - Done. Returned value was: clean_data
[2024-11-06T13:30:25.917+0000] {branch.py:38} INFO - Branch into clean_data
[2024-11-06T13:30:29.085+0000] {skipmixin.py:230} INFO - Following branch ('clean_data',)
[2024-11-06T13:30:30.016+0000] {job.py:229} INFO - Heartbeat recovered after 85.64 seconds
[2024-11-06T13:30:30.212+0000] {skipmixin.py:278} INFO - Skipping tasks [('data_not_updated', -1)]
[2024-11-06T13:30:31.319+0000] {taskinstance.py:340} INFO - ::group::Post task execution logs
[2024-11-06T13:30:31.334+0000] {taskinstance.py:352} INFO - Marking task as SUCCESS. dag_id=airbnb_data_pipeline, task_id=check_and_download_data, run_id=manual__2024-11-06T13:28:33.784100+00:00, execution_date=20241106T132833, start_date=20241106T132846, end_date=20241106T133031
[2024-11-06T13:30:31.510+0000] {logging_mixin.py:190} INFO - Task instance in success state
[2024-11-06T13:30:31.514+0000] {logging_mixin.py:190} INFO -  Previous state of the Task instance: running
[2024-11-06T13:30:31.516+0000] {logging_mixin.py:190} INFO - Dag name:airbnb_data_pipeline queued_at:2024-11-06 13:28:33.813614+00:00
[2024-11-06T13:30:31.518+0000] {logging_mixin.py:190} INFO - Task hostname:552c70a48aab operator:BranchPythonOperator
[2024-11-06T13:30:31.619+0000] {local_task_job_runner.py:266} INFO - Task exited with return code 0
[2024-11-06T13:30:31.823+0000] {taskinstance.py:3900} INFO - 0 downstream tasks scheduled from follow-on schedule check
[2024-11-06T13:30:31.829+0000] {local_task_job_runner.py:245} INFO - ::endgroup::
