[2024-11-06T15:16:58.495+0000] {local_task_job_runner.py:123} INFO - ::group::Pre task execution logs
[2024-11-06T15:16:58.540+0000] {taskinstance.py:2612} INFO - Dependencies all met for dep_context=non-requeueable deps ti=<TaskInstance: airbnb_data_pipeline.check_and_download_data manual__2024-11-06T15:16:53.426569+00:00 [queued]>
[2024-11-06T15:16:58.565+0000] {taskinstance.py:2612} INFO - Dependencies all met for dep_context=requeueable deps ti=<TaskInstance: airbnb_data_pipeline.check_and_download_data manual__2024-11-06T15:16:53.426569+00:00 [queued]>
[2024-11-06T15:16:58.566+0000] {taskinstance.py:2865} INFO - Starting attempt 1 of 1
[2024-11-06T15:16:58.615+0000] {taskinstance.py:2888} INFO - Executing <Task(BranchPythonOperator): check_and_download_data> on 2024-11-06 15:16:53.426569+00:00
[2024-11-06T15:16:58.644+0000] {warnings.py:112} WARNING - /home/***/.local/lib/python3.12/site-packages/***/task/task_runner/standard_task_runner.py:70: DeprecationWarning: This process (pid=1061) is multi-threaded, use of fork() may lead to deadlocks in the child.
  pid = os.fork()

[2024-11-06T15:16:58.651+0000] {standard_task_runner.py:72} INFO - Started process 1070 to run task
[2024-11-06T15:16:58.649+0000] {standard_task_runner.py:104} INFO - Running: ['***', 'tasks', 'run', 'airbnb_data_pipeline', 'check_and_download_data', 'manual__2024-11-06T15:16:53.426569+00:00', '--job-id', '70', '--raw', '--subdir', 'DAGS_FOLDER/airbnb_dag.py', '--cfg-path', '/tmp/tmp9ko2z_3k']
[2024-11-06T15:16:58.652+0000] {standard_task_runner.py:105} INFO - Job 70: Subtask check_and_download_data
[2024-11-06T15:16:58.831+0000] {task_command.py:467} INFO - Running <TaskInstance: airbnb_data_pipeline.check_and_download_data manual__2024-11-06T15:16:53.426569+00:00 [running]> on host 552c70a48aab
[2024-11-06T15:16:59.240+0000] {taskinstance.py:3131} INFO - Exporting env vars: AIRFLOW_CTX_DAG_OWNER='***' AIRFLOW_CTX_DAG_ID='airbnb_data_pipeline' AIRFLOW_CTX_TASK_ID='check_and_download_data' AIRFLOW_CTX_EXECUTION_DATE='2024-11-06T15:16:53.426569+00:00' AIRFLOW_CTX_TRY_NUMBER='1' AIRFLOW_CTX_DAG_RUN_ID='manual__2024-11-06T15:16:53.426569+00:00'
[2024-11-06T15:16:59.244+0000] {logging_mixin.py:190} INFO - Task instance is in running state
[2024-11-06T15:16:59.245+0000] {logging_mixin.py:190} INFO -  Previous state of the Task instance: queued
[2024-11-06T15:16:59.245+0000] {logging_mixin.py:190} INFO - Current task name:check_and_download_data state:running start_date:2024-11-06 15:16:58.542138+00:00
[2024-11-06T15:16:59.247+0000] {logging_mixin.py:190} INFO - Dag name:airbnb_data_pipeline and current dag run status:running
[2024-11-06T15:16:59.248+0000] {taskinstance.py:731} INFO - ::endgroup::
[2024-11-06T15:16:59.249+0000] {baseoperator.py:405} WARNING - BranchPythonOperator.execute cannot be called outside TaskInstance!
[2024-11-06T15:16:59.250+0000] {logging_mixin.py:190} INFO - https://data.insideairbnb.com/the-netherlands/north-holland/amsterdam/2024-09-05/data/listings.csv.gz
[2024-11-06T15:17:00.207+0000] {logging_mixin.py:190} INFO - 200
[2024-11-06T15:18:26.766+0000] {job.py:229} INFO - Heartbeat recovered after 83.04 seconds
[2024-11-06T15:18:30.311+0000] {logging_mixin.py:190} INFO - Data saved to /opt/***/data/input/amsterdam_2024-09-05_listings.csv
[2024-11-06T15:18:30.382+0000] {python.py:240} INFO - Done. Returned value was: clean_data
[2024-11-06T15:18:30.385+0000] {branch.py:38} INFO - Branch into clean_data
[2024-11-06T15:18:30.391+0000] {skipmixin.py:230} INFO - Following branch ('clean_data',)
[2024-11-06T15:18:30.466+0000] {skipmixin.py:278} INFO - Skipping tasks [('data_not_updated', -1)]
[2024-11-06T15:18:30.647+0000] {taskinstance.py:340} INFO - ::group::Post task execution logs
[2024-11-06T15:18:30.648+0000] {taskinstance.py:352} INFO - Marking task as SUCCESS. dag_id=airbnb_data_pipeline, task_id=check_and_download_data, run_id=manual__2024-11-06T15:16:53.426569+00:00, execution_date=20241106T151653, start_date=20241106T151658, end_date=20241106T151830
[2024-11-06T15:18:30.693+0000] {logging_mixin.py:190} INFO - Task instance in success state
[2024-11-06T15:18:30.697+0000] {logging_mixin.py:190} INFO -  Previous state of the Task instance: running
[2024-11-06T15:18:30.699+0000] {logging_mixin.py:190} INFO - Dag name:airbnb_data_pipeline queued_at:2024-11-06 15:16:53.453255+00:00
[2024-11-06T15:18:30.700+0000] {logging_mixin.py:190} INFO - Task hostname:552c70a48aab operator:BranchPythonOperator
[2024-11-06T15:18:30.777+0000] {local_task_job_runner.py:266} INFO - Task exited with return code 0
[2024-11-06T15:18:30.910+0000] {taskinstance.py:3900} INFO - 1 downstream tasks scheduled from follow-on schedule check
[2024-11-06T15:18:30.913+0000] {local_task_job_runner.py:245} INFO - ::endgroup::
