[2024-11-06T15:18:48.025+0000] {local_task_job_runner.py:123} INFO - ::group::Pre task execution logs
[2024-11-06T15:18:48.058+0000] {taskinstance.py:2612} INFO - Dependencies all met for dep_context=non-requeueable deps ti=<TaskInstance: airbnb_data_pipeline.Upload_To_S3 manual__2024-11-06T15:16:53.426569+00:00 [queued]>
[2024-11-06T15:18:48.074+0000] {taskinstance.py:2612} INFO - Dependencies all met for dep_context=requeueable deps ti=<TaskInstance: airbnb_data_pipeline.Upload_To_S3 manual__2024-11-06T15:16:53.426569+00:00 [queued]>
[2024-11-06T15:18:48.076+0000] {taskinstance.py:2865} INFO - Starting attempt 1 of 1
[2024-11-06T15:18:48.107+0000] {taskinstance.py:2888} INFO - Executing <Task(PythonOperator): Upload_To_S3> on 2024-11-06 15:16:53.426569+00:00
[2024-11-06T15:18:48.122+0000] {warnings.py:112} WARNING - /home/***/.local/lib/python3.12/site-packages/***/task/task_runner/standard_task_runner.py:70: DeprecationWarning: This process (pid=1076) is multi-threaded, use of fork() may lead to deadlocks in the child.
  pid = os.fork()

[2024-11-06T15:18:48.127+0000] {standard_task_runner.py:72} INFO - Started process 1078 to run task
[2024-11-06T15:18:48.131+0000] {standard_task_runner.py:104} INFO - Running: ['***', 'tasks', 'run', 'airbnb_data_pipeline', 'Upload_To_S3', 'manual__2024-11-06T15:16:53.426569+00:00', '--job-id', '72', '--raw', '--subdir', 'DAGS_FOLDER/airbnb_dag.py', '--cfg-path', '/tmp/tmpb85ho8ni']
[2024-11-06T15:18:48.134+0000] {standard_task_runner.py:105} INFO - Job 72: Subtask Upload_To_S3
[2024-11-06T15:18:48.268+0000] {task_command.py:467} INFO - Running <TaskInstance: airbnb_data_pipeline.Upload_To_S3 manual__2024-11-06T15:16:53.426569+00:00 [running]> on host 552c70a48aab
[2024-11-06T15:18:48.483+0000] {taskinstance.py:3131} INFO - Exporting env vars: AIRFLOW_CTX_DAG_OWNER='***' AIRFLOW_CTX_DAG_ID='airbnb_data_pipeline' AIRFLOW_CTX_TASK_ID='Upload_To_S3' AIRFLOW_CTX_EXECUTION_DATE='2024-11-06T15:16:53.426569+00:00' AIRFLOW_CTX_TRY_NUMBER='1' AIRFLOW_CTX_DAG_RUN_ID='manual__2024-11-06T15:16:53.426569+00:00'
[2024-11-06T15:18:48.490+0000] {logging_mixin.py:190} INFO - Task instance is in running state
[2024-11-06T15:18:48.491+0000] {logging_mixin.py:190} INFO -  Previous state of the Task instance: queued
[2024-11-06T15:18:48.493+0000] {logging_mixin.py:190} INFO - Current task name:Upload_To_S3 state:running start_date:2024-11-06 15:18:48.059335+00:00
[2024-11-06T15:18:48.493+0000] {logging_mixin.py:190} INFO - Dag name:airbnb_data_pipeline and current dag run status:running
[2024-11-06T15:18:48.495+0000] {taskinstance.py:731} INFO - ::endgroup::
[2024-11-06T15:18:49.447+0000] {logging_mixin.py:190} INFO - Parameter validation error: Parameter validation failed:
Invalid bucket name "s3://hbx-airbnb/airbnb_landing/": Bucket name must match the regex "^[a-zA-Z0-9.\-_]{1,255}$" or be an ARN matching the regex "^arn:(aws).*:(s3|s3-object-lambda):[a-z\-0-9]*:[0-9]{12}:accesspoint[/:][a-zA-Z0-9\-.]{1,63}$|^arn:(aws).*:s3-outposts:[a-z\-0-9]+:[0-9]{12}:outpost[/:][a-zA-Z0-9\-]{1,63}[/:]accesspoint[/:][a-zA-Z0-9\-]{1,63}$"
[2024-11-06T15:18:49.449+0000] {python.py:240} INFO - Done. Returned value was: False
[2024-11-06T15:18:49.493+0000] {taskinstance.py:340} INFO - ::group::Post task execution logs
[2024-11-06T15:18:49.494+0000] {taskinstance.py:352} INFO - Marking task as SUCCESS. dag_id=airbnb_data_pipeline, task_id=Upload_To_S3, run_id=manual__2024-11-06T15:16:53.426569+00:00, execution_date=20241106T151653, start_date=20241106T151848, end_date=20241106T151849
[2024-11-06T15:18:49.513+0000] {logging_mixin.py:190} INFO - Task instance in success state
[2024-11-06T15:18:49.514+0000] {logging_mixin.py:190} INFO -  Previous state of the Task instance: running
[2024-11-06T15:18:49.515+0000] {logging_mixin.py:190} INFO - Dag name:airbnb_data_pipeline queued_at:2024-11-06 15:16:53.453255+00:00
[2024-11-06T15:18:49.515+0000] {logging_mixin.py:190} INFO - Task hostname:552c70a48aab operator:PythonOperator
[2024-11-06T15:18:51.929+0000] {local_task_job_runner.py:266} INFO - Task exited with return code 0
[2024-11-06T15:18:51.955+0000] {taskinstance.py:3900} INFO - 0 downstream tasks scheduled from follow-on schedule check
[2024-11-06T15:18:51.957+0000] {local_task_job_runner.py:245} INFO - ::endgroup::
