[2024-11-06T15:30:16.581+0000] {local_task_job_runner.py:123} INFO - ::group::Pre task execution logs
[2024-11-06T15:30:16.634+0000] {taskinstance.py:2612} INFO - Dependencies all met for dep_context=non-requeueable deps ti=<TaskInstance: airbnb_data_pipeline.Upload_To_S3 manual__2024-11-06T15:29:56.017824+00:00 [queued]>
[2024-11-06T15:30:16.662+0000] {taskinstance.py:2612} INFO - Dependencies all met for dep_context=requeueable deps ti=<TaskInstance: airbnb_data_pipeline.Upload_To_S3 manual__2024-11-06T15:29:56.017824+00:00 [queued]>
[2024-11-06T15:30:16.664+0000] {taskinstance.py:2865} INFO - Starting attempt 1 of 1
[2024-11-06T15:30:16.702+0000] {taskinstance.py:2888} INFO - Executing <Task(PythonOperator): Upload_To_S3> on 2024-11-06 15:29:56.017824+00:00
[2024-11-06T15:30:16.718+0000] {warnings.py:112} WARNING - /home/***/.local/lib/python3.12/site-packages/***/task/task_runner/standard_task_runner.py:70: DeprecationWarning: This process (pid=1253) is multi-threaded, use of fork() may lead to deadlocks in the child.
  pid = os.fork()

[2024-11-06T15:30:16.721+0000] {standard_task_runner.py:72} INFO - Started process 1255 to run task
[2024-11-06T15:30:16.720+0000] {standard_task_runner.py:104} INFO - Running: ['***', 'tasks', 'run', 'airbnb_data_pipeline', 'Upload_To_S3', 'manual__2024-11-06T15:29:56.017824+00:00', '--job-id', '81', '--raw', '--subdir', 'DAGS_FOLDER/airbnb_dag.py', '--cfg-path', '/tmp/tmpqcbgvcgn']
[2024-11-06T15:30:16.723+0000] {standard_task_runner.py:105} INFO - Job 81: Subtask Upload_To_S3
[2024-11-06T15:30:16.797+0000] {task_command.py:467} INFO - Running <TaskInstance: airbnb_data_pipeline.Upload_To_S3 manual__2024-11-06T15:29:56.017824+00:00 [running]> on host 552c70a48aab
[2024-11-06T15:30:16.927+0000] {taskinstance.py:3131} INFO - Exporting env vars: AIRFLOW_CTX_DAG_OWNER='***' AIRFLOW_CTX_DAG_ID='airbnb_data_pipeline' AIRFLOW_CTX_TASK_ID='Upload_To_S3' AIRFLOW_CTX_EXECUTION_DATE='2024-11-06T15:29:56.017824+00:00' AIRFLOW_CTX_TRY_NUMBER='1' AIRFLOW_CTX_DAG_RUN_ID='manual__2024-11-06T15:29:56.017824+00:00'
[2024-11-06T15:30:16.929+0000] {logging_mixin.py:190} INFO - Task instance is in running state
[2024-11-06T15:30:16.930+0000] {logging_mixin.py:190} INFO -  Previous state of the Task instance: queued
[2024-11-06T15:30:16.931+0000] {logging_mixin.py:190} INFO - Current task name:Upload_To_S3 state:running start_date:2024-11-06 15:30:16.637050+00:00
[2024-11-06T15:30:16.931+0000] {logging_mixin.py:190} INFO - Dag name:airbnb_data_pipeline and current dag run status:running
[2024-11-06T15:30:16.932+0000] {taskinstance.py:731} INFO - ::endgroup::
[2024-11-06T15:30:20.530+0000] {logging_mixin.py:190} INFO - File '/opt/***/data/output/amsterdam_2024-09-05_listings.csv' uploaded to 'hbx-airbnb/airbnb_landing/amsterdam_2024-09-05_listings.csv'
[2024-11-06T15:30:20.532+0000] {python.py:240} INFO - Done. Returned value was: True
[2024-11-06T15:30:20.571+0000] {taskinstance.py:340} INFO - ::group::Post task execution logs
[2024-11-06T15:30:20.572+0000] {taskinstance.py:352} INFO - Marking task as SUCCESS. dag_id=airbnb_data_pipeline, task_id=Upload_To_S3, run_id=manual__2024-11-06T15:29:56.017824+00:00, execution_date=20241106T152956, start_date=20241106T153016, end_date=20241106T153020
[2024-11-06T15:30:20.588+0000] {logging_mixin.py:190} INFO - Task instance in success state
[2024-11-06T15:30:20.589+0000] {logging_mixin.py:190} INFO -  Previous state of the Task instance: running
[2024-11-06T15:30:20.592+0000] {logging_mixin.py:190} INFO - Dag name:airbnb_data_pipeline queued_at:2024-11-06 15:29:56.047497+00:00
[2024-11-06T15:30:20.593+0000] {logging_mixin.py:190} INFO - Task hostname:552c70a48aab operator:PythonOperator
[2024-11-06T15:30:20.612+0000] {local_task_job_runner.py:266} INFO - Task exited with return code 0
[2024-11-06T15:30:20.637+0000] {taskinstance.py:3900} INFO - 0 downstream tasks scheduled from follow-on schedule check
[2024-11-06T15:30:20.639+0000] {local_task_job_runner.py:245} INFO - ::endgroup::
