[2024-11-06T15:10:18.021+0000] {local_task_job_runner.py:123} INFO - ::group::Pre task execution logs
[2024-11-06T15:10:18.062+0000] {taskinstance.py:2612} INFO - Dependencies all met for dep_context=non-requeueable deps ti=<TaskInstance: airbnb_data_pipeline.clean_data manual__2024-11-06T15:09:36.785304+00:00 [queued]>
[2024-11-06T15:10:18.082+0000] {taskinstance.py:2612} INFO - Dependencies all met for dep_context=requeueable deps ti=<TaskInstance: airbnb_data_pipeline.clean_data manual__2024-11-06T15:09:36.785304+00:00 [queued]>
[2024-11-06T15:10:18.083+0000] {taskinstance.py:2865} INFO - Starting attempt 1 of 1
[2024-11-06T15:10:18.108+0000] {taskinstance.py:2888} INFO - Executing <Task(PythonOperator): clean_data> on 2024-11-06 15:09:36.785304+00:00
[2024-11-06T15:10:18.119+0000] {warnings.py:112} WARNING - /home/***/.local/lib/python3.12/site-packages/***/task/task_runner/standard_task_runner.py:70: DeprecationWarning: This process (pid=961) is multi-threaded, use of fork() may lead to deadlocks in the child.
  pid = os.fork()

[2024-11-06T15:10:18.123+0000] {standard_task_runner.py:72} INFO - Started process 970 to run task
[2024-11-06T15:10:18.124+0000] {standard_task_runner.py:104} INFO - Running: ['***', 'tasks', 'run', 'airbnb_data_pipeline', 'clean_data', 'manual__2024-11-06T15:09:36.785304+00:00', '--job-id', '65', '--raw', '--subdir', 'DAGS_FOLDER/airbnb_dag.py', '--cfg-path', '/tmp/tmphk6mgyux']
[2024-11-06T15:10:18.127+0000] {standard_task_runner.py:105} INFO - Job 65: Subtask clean_data
[2024-11-06T15:10:18.224+0000] {task_command.py:467} INFO - Running <TaskInstance: airbnb_data_pipeline.clean_data manual__2024-11-06T15:09:36.785304+00:00 [running]> on host 552c70a48aab
[2024-11-06T15:10:18.408+0000] {taskinstance.py:3131} INFO - Exporting env vars: AIRFLOW_CTX_DAG_OWNER='***' AIRFLOW_CTX_DAG_ID='airbnb_data_pipeline' AIRFLOW_CTX_TASK_ID='clean_data' AIRFLOW_CTX_EXECUTION_DATE='2024-11-06T15:09:36.785304+00:00' AIRFLOW_CTX_TRY_NUMBER='1' AIRFLOW_CTX_DAG_RUN_ID='manual__2024-11-06T15:09:36.785304+00:00'
[2024-11-06T15:10:18.411+0000] {logging_mixin.py:190} INFO - Task instance is in running state
[2024-11-06T15:10:18.412+0000] {logging_mixin.py:190} INFO -  Previous state of the Task instance: queued
[2024-11-06T15:10:18.413+0000] {logging_mixin.py:190} INFO - Current task name:clean_data state:running start_date:2024-11-06 15:10:18.063718+00:00
[2024-11-06T15:10:18.414+0000] {logging_mixin.py:190} INFO - Dag name:airbnb_data_pipeline and current dag run status:running
[2024-11-06T15:10:18.415+0000] {taskinstance.py:731} INFO - ::endgroup::
[2024-11-06T15:10:19.219+0000] {logging_mixin.py:190} INFO - column count before filter:  75
[2024-11-06T15:10:19.245+0000] {logging_mixin.py:190} INFO - columns count after filter: 57
[2024-11-06T15:10:19.246+0000] {logging_mixin.py:190} INFO - /opt/***/data/input/amsterdam_2024-09-05_listings.csv
[2024-11-06T15:10:19.246+0000] {logging_mixin.py:190} INFO - amsterdam_2024-09-05_listings.csv
[2024-11-06T15:10:22.677+0000] {python.py:240} INFO - Done. Returned value was: None
[2024-11-06T15:10:22.852+0000] {taskinstance.py:340} INFO - ::group::Post task execution logs
[2024-11-06T15:10:22.858+0000] {taskinstance.py:352} INFO - Marking task as SUCCESS. dag_id=airbnb_data_pipeline, task_id=clean_data, run_id=manual__2024-11-06T15:09:36.785304+00:00, execution_date=20241106T150936, start_date=20241106T151018, end_date=20241106T151022
[2024-11-06T15:10:22.908+0000] {logging_mixin.py:190} INFO - Task instance in success state
[2024-11-06T15:10:22.913+0000] {logging_mixin.py:190} INFO -  Previous state of the Task instance: running
[2024-11-06T15:10:22.915+0000] {logging_mixin.py:190} INFO - Dag name:airbnb_data_pipeline queued_at:2024-11-06 15:09:37.091387+00:00
[2024-11-06T15:10:22.918+0000] {logging_mixin.py:190} INFO - Task hostname:552c70a48aab operator:PythonOperator
[2024-11-06T15:10:23.111+0000] {local_task_job_runner.py:266} INFO - Task exited with return code 0
[2024-11-06T15:10:23.139+0000] {standard_task_runner.py:217} INFO - Process not found (most likely exited), stop collecting metrics
[2024-11-06T15:10:23.208+0000] {taskinstance.py:3900} INFO - 1 downstream tasks scheduled from follow-on schedule check
[2024-11-06T15:10:23.213+0000] {local_task_job_runner.py:245} INFO - ::endgroup::
