[2024-11-06T15:29:59.744+0000] {local_task_job_runner.py:123} INFO - ::group::Pre task execution logs
[2024-11-06T15:29:59.763+0000] {taskinstance.py:2612} INFO - Dependencies all met for dep_context=non-requeueable deps ti=<TaskInstance: airbnb_data_pipeline.check_and_download_data manual__2024-11-06T15:29:56.017824+00:00 [queued]>
[2024-11-06T15:29:59.772+0000] {taskinstance.py:2612} INFO - Dependencies all met for dep_context=requeueable deps ti=<TaskInstance: airbnb_data_pipeline.check_and_download_data manual__2024-11-06T15:29:56.017824+00:00 [queued]>
[2024-11-06T15:29:59.772+0000] {taskinstance.py:2865} INFO - Starting attempt 1 of 1
[2024-11-06T15:29:59.786+0000] {taskinstance.py:2888} INFO - Executing <Task(BranchPythonOperator): check_and_download_data> on 2024-11-06 15:29:56.017824+00:00
[2024-11-06T15:29:59.795+0000] {warnings.py:112} WARNING - /home/***/.local/lib/python3.12/site-packages/***/task/task_runner/standard_task_runner.py:70: DeprecationWarning: This process (pid=1245) is multi-threaded, use of fork() may lead to deadlocks in the child.
  pid = os.fork()

[2024-11-06T15:29:59.797+0000] {standard_task_runner.py:72} INFO - Started process 1247 to run task
[2024-11-06T15:29:59.797+0000] {standard_task_runner.py:104} INFO - Running: ['***', 'tasks', 'run', 'airbnb_data_pipeline', 'check_and_download_data', 'manual__2024-11-06T15:29:56.017824+00:00', '--job-id', '79', '--raw', '--subdir', 'DAGS_FOLDER/airbnb_dag.py', '--cfg-path', '/tmp/tmp1_a40aqi']
[2024-11-06T15:29:59.798+0000] {standard_task_runner.py:105} INFO - Job 79: Subtask check_and_download_data
[2024-11-06T15:29:59.872+0000] {task_command.py:467} INFO - Running <TaskInstance: airbnb_data_pipeline.check_and_download_data manual__2024-11-06T15:29:56.017824+00:00 [running]> on host 552c70a48aab
[2024-11-06T15:29:59.997+0000] {taskinstance.py:3131} INFO - Exporting env vars: AIRFLOW_CTX_DAG_OWNER='***' AIRFLOW_CTX_DAG_ID='airbnb_data_pipeline' AIRFLOW_CTX_TASK_ID='check_and_download_data' AIRFLOW_CTX_EXECUTION_DATE='2024-11-06T15:29:56.017824+00:00' AIRFLOW_CTX_TRY_NUMBER='1' AIRFLOW_CTX_DAG_RUN_ID='manual__2024-11-06T15:29:56.017824+00:00'
[2024-11-06T15:30:00.000+0000] {logging_mixin.py:190} INFO - Task instance is in running state
[2024-11-06T15:30:00.001+0000] {logging_mixin.py:190} INFO -  Previous state of the Task instance: queued
[2024-11-06T15:30:00.001+0000] {logging_mixin.py:190} INFO - Current task name:check_and_download_data state:running start_date:2024-11-06 15:29:59.764418+00:00
[2024-11-06T15:30:00.002+0000] {logging_mixin.py:190} INFO - Dag name:airbnb_data_pipeline and current dag run status:running
[2024-11-06T15:30:00.003+0000] {taskinstance.py:731} INFO - ::endgroup::
[2024-11-06T15:30:00.004+0000] {baseoperator.py:405} WARNING - BranchPythonOperator.execute cannot be called outside TaskInstance!
[2024-11-06T15:30:00.006+0000] {logging_mixin.py:190} INFO - https://data.insideairbnb.com/the-netherlands/north-holland/amsterdam/2024-09-05/data/listings.csv.gz
[2024-11-06T15:30:00.477+0000] {logging_mixin.py:190} INFO - 200
[2024-11-06T15:30:06.779+0000] {logging_mixin.py:190} INFO - Data saved to /opt/***/data/input/amsterdam_2024-09-05_listings.csv
[2024-11-06T15:30:06.791+0000] {python.py:240} INFO - Done. Returned value was: clean_data
[2024-11-06T15:30:06.793+0000] {branch.py:38} INFO - Branch into clean_data
[2024-11-06T15:30:06.794+0000] {skipmixin.py:230} INFO - Following branch ('clean_data',)
[2024-11-06T15:30:06.812+0000] {skipmixin.py:278} INFO - Skipping tasks [('data_not_updated', -1)]
[2024-11-06T15:30:06.865+0000] {taskinstance.py:340} INFO - ::group::Post task execution logs
[2024-11-06T15:30:06.865+0000] {taskinstance.py:352} INFO - Marking task as SUCCESS. dag_id=airbnb_data_pipeline, task_id=check_and_download_data, run_id=manual__2024-11-06T15:29:56.017824+00:00, execution_date=20241106T152956, start_date=20241106T152959, end_date=20241106T153006
[2024-11-06T15:30:06.883+0000] {logging_mixin.py:190} INFO - Task instance in success state
[2024-11-06T15:30:06.884+0000] {logging_mixin.py:190} INFO -  Previous state of the Task instance: running
[2024-11-06T15:30:06.885+0000] {logging_mixin.py:190} INFO - Dag name:airbnb_data_pipeline queued_at:2024-11-06 15:29:56.047497+00:00
[2024-11-06T15:30:06.885+0000] {logging_mixin.py:190} INFO - Task hostname:552c70a48aab operator:BranchPythonOperator
[2024-11-06T15:30:06.938+0000] {local_task_job_runner.py:266} INFO - Task exited with return code 0
[2024-11-06T15:30:06.993+0000] {taskinstance.py:3900} INFO - 1 downstream tasks scheduled from follow-on schedule check
[2024-11-06T15:30:06.996+0000] {local_task_job_runner.py:245} INFO - ::endgroup::
