[2024-11-05T13:13:52.148+0000] {local_task_job_runner.py:123} INFO - ::group::Pre task execution logs
[2024-11-05T13:13:52.719+0000] {taskinstance.py:2612} INFO - Dependencies all met for dep_context=non-requeueable deps ti=<TaskInstance: airbnb_data_pipeline.check_and_download_data scheduled__2024-11-01T00:00:00+00:00 [queued]>
[2024-11-05T13:13:52.811+0000] {taskinstance.py:2612} INFO - Dependencies all met for dep_context=requeueable deps ti=<TaskInstance: airbnb_data_pipeline.check_and_download_data scheduled__2024-11-01T00:00:00+00:00 [queued]>
[2024-11-05T13:13:52.815+0000] {taskinstance.py:2865} INFO - Starting attempt 1 of 1
[2024-11-05T13:13:52.877+0000] {taskinstance.py:2888} INFO - Executing <Task(BranchPythonOperator): check_and_download_data> on 2024-11-01 00:00:00+00:00
[2024-11-05T13:13:52.968+0000] {standard_task_runner.py:104} INFO - Running: ['***', 'tasks', 'run', 'airbnb_data_pipeline', 'check_and_download_data', 'scheduled__2024-11-01T00:00:00+00:00', '--job-id', '14', '--raw', '--subdir', 'DAGS_FOLDER/airbnb_dag.py', '--cfg-path', '/tmp/tmpy9cv4ff_']
[2024-11-05T13:13:52.974+0000] {standard_task_runner.py:105} INFO - Job 14: Subtask check_and_download_data
[2024-11-05T13:13:52.929+0000] {warnings.py:112} WARNING - /home/***/.local/lib/python3.12/site-packages/***/task/task_runner/standard_task_runner.py:70: DeprecationWarning: This process (pid=69) is multi-threaded, use of fork() may lead to deadlocks in the child.
  pid = os.fork()

[2024-11-05T13:13:52.989+0000] {standard_task_runner.py:72} INFO - Started process 84 to run task
[2024-11-05T13:13:54.174+0000] {task_command.py:467} INFO - Running <TaskInstance: airbnb_data_pipeline.check_and_download_data scheduled__2024-11-01T00:00:00+00:00 [running]> on host 552c70a48aab
[2024-11-05T13:13:54.806+0000] {taskinstance.py:3131} INFO - Exporting env vars: AIRFLOW_CTX_DAG_OWNER='***' AIRFLOW_CTX_DAG_ID='airbnb_data_pipeline' AIRFLOW_CTX_TASK_ID='check_and_download_data' AIRFLOW_CTX_EXECUTION_DATE='2024-11-01T00:00:00+00:00' AIRFLOW_CTX_TRY_NUMBER='1' AIRFLOW_CTX_DAG_RUN_ID='scheduled__2024-11-01T00:00:00+00:00'
[2024-11-05T13:13:54.815+0000] {logging_mixin.py:190} INFO - Task instance is in running state
[2024-11-05T13:13:54.822+0000] {logging_mixin.py:190} INFO -  Previous state of the Task instance: queued
[2024-11-05T13:13:54.824+0000] {logging_mixin.py:190} INFO - Current task name:check_and_download_data state:running start_date:2024-11-05 13:13:52.720713+00:00
[2024-11-05T13:13:54.825+0000] {logging_mixin.py:190} INFO - Dag name:airbnb_data_pipeline and current dag run status:running
[2024-11-05T13:13:54.833+0000] {taskinstance.py:731} INFO - ::endgroup::
[2024-11-05T13:13:54.838+0000] {baseoperator.py:405} WARNING - BranchPythonOperator.execute cannot be called outside TaskInstance!
[2024-11-05T13:13:54.851+0000] {logging_mixin.py:190} INFO - https://data.insideairbnb.com/the-netherlands/north-holland/amsterdam/2024-11-05/data/listings.csv.gz
[2024-11-05T13:13:56.872+0000] {logging_mixin.py:190} INFO - Failed to download data. Status code: 403
[2024-11-05T13:13:56.874+0000] {python.py:240} INFO - Done. Returned value was: Data Not Found
[2024-11-05T13:13:56.877+0000] {branch.py:38} INFO - Branch into Data Not Found
[2024-11-05T13:13:56.879+0000] {skipmixin.py:230} INFO - Following branch ('Data Not Found',)
[2024-11-05T13:13:56.914+0000] {taskinstance.py:3310} ERROR - Task failed with exception
Traceback (most recent call last):
  File "/home/airflow/.local/lib/python3.12/site-packages/airflow/models/taskinstance.py", line 767, in _execute_task
    result = _execute_callable(context=context, **execute_callable_kwargs)
             ^^^^^^^^^^^^^^^^^^^^^^^^^^^^^^^^^^^^^^^^^^^^^^^^^^^^^^^^^^^^^
  File "/home/airflow/.local/lib/python3.12/site-packages/airflow/models/taskinstance.py", line 733, in _execute_callable
    return ExecutionCallableRunner(
           ^^^^^^^^^^^^^^^^^^^^^^^^
  File "/home/airflow/.local/lib/python3.12/site-packages/airflow/utils/operator_helpers.py", line 252, in run
    return self.func(*args, **kwargs)
           ^^^^^^^^^^^^^^^^^^^^^^^^^^
  File "/home/airflow/.local/lib/python3.12/site-packages/airflow/models/baseoperator.py", line 406, in wrapper
    return func(self, *args, **kwargs)
           ^^^^^^^^^^^^^^^^^^^^^^^^^^^
  File "/home/airflow/.local/lib/python3.12/site-packages/airflow/operators/python.py", line 274, in execute
    return self.do_branch(context, super().execute(context))
           ^^^^^^^^^^^^^^^^^^^^^^^^^^^^^^^^^^^^^^^^^^^^^^^^^
  File "/home/airflow/.local/lib/python3.12/site-packages/airflow/operators/branch.py", line 40, in do_branch
    self.skip_all_except(context["ti"], branch_task_ids)
  File "/home/airflow/.local/lib/python3.12/site-packages/airflow/models/skipmixin.py", line 189, in skip_all_except
    SkipMixin._skip_all_except(ti=ti, branch_task_ids=branch_task_ids)
  File "/home/airflow/.local/lib/python3.12/site-packages/airflow/api_internal/internal_api_call.py", line 139, in wrapper
    return func(*args, **kwargs)
           ^^^^^^^^^^^^^^^^^^^^^
  File "/home/airflow/.local/lib/python3.12/site-packages/airflow/utils/session.py", line 97, in wrapper
    return func(*args, session=session, **kwargs)
           ^^^^^^^^^^^^^^^^^^^^^^^^^^^^^^^^^^^^^^
  File "/home/airflow/.local/lib/python3.12/site-packages/airflow/models/skipmixin.py", line 243, in _skip_all_except
    raise AirflowException(
airflow.exceptions.AirflowException: 'branch_task_ids' must contain only valid task_ids. Invalid tasks found: {'Data Not Found'}.
[2024-11-05T13:13:56.948+0000] {logging_mixin.py:190} INFO - Task instance in failure state
[2024-11-05T13:13:56.949+0000] {logging_mixin.py:190} INFO - Task start:2024-11-05 13:13:52.720713+00:00 end:2024-11-05 13:13:56.947018+00:00 duration:4.226305
[2024-11-05T13:13:56.950+0000] {logging_mixin.py:190} INFO - Task:<Task(BranchPythonOperator): check_and_download_data> dag:<DAG: airbnb_data_pipeline> dagrun:<DagRun airbnb_data_pipeline @ 2024-11-01 00:00:00+00:00: scheduled__2024-11-01T00:00:00+00:00, state:running, queued_at: 2024-11-05 13:13:09.663232+00:00. externally triggered: False>
[2024-11-05T13:13:56.951+0000] {logging_mixin.py:190} INFO - Failure caused by 'branch_task_ids' must contain only valid task_ids. Invalid tasks found: {'Data Not Found'}.
[2024-11-05T13:13:56.952+0000] {taskinstance.py:1225} INFO - Marking task as FAILED. dag_id=airbnb_data_pipeline, task_id=check_and_download_data, run_id=scheduled__2024-11-01T00:00:00+00:00, execution_date=20241101T000000, start_date=20241105T131352, end_date=20241105T131356
[2024-11-05T13:13:57.003+0000] {taskinstance.py:340} INFO - ::group::Post task execution logs
[2024-11-05T13:13:57.010+0000] {standard_task_runner.py:124} ERROR - Failed to execute job 14 for task check_and_download_data ('branch_task_ids' must contain only valid task_ids. Invalid tasks found: {'Data Not Found'}.; 84)
Traceback (most recent call last):
  File "/home/airflow/.local/lib/python3.12/site-packages/airflow/task/task_runner/standard_task_runner.py", line 117, in _start_by_fork
    ret = args.func(args, dag=self.dag)
          ^^^^^^^^^^^^^^^^^^^^^^^^^^^^^
  File "/home/airflow/.local/lib/python3.12/site-packages/airflow/cli/cli_config.py", line 49, in command
    return func(*args, **kwargs)
           ^^^^^^^^^^^^^^^^^^^^^
  File "/home/airflow/.local/lib/python3.12/site-packages/airflow/utils/cli.py", line 115, in wrapper
    return f(*args, **kwargs)
           ^^^^^^^^^^^^^^^^^^
  File "/home/airflow/.local/lib/python3.12/site-packages/airflow/cli/commands/task_command.py", line 483, in task_run
    task_return_code = _run_task_by_selected_method(args, _dag, ti)
                       ^^^^^^^^^^^^^^^^^^^^^^^^^^^^^^^^^^^^^^^^^^^^
  File "/home/airflow/.local/lib/python3.12/site-packages/airflow/cli/commands/task_command.py", line 256, in _run_task_by_selected_method
    return _run_raw_task(args, ti)
           ^^^^^^^^^^^^^^^^^^^^^^^
  File "/home/airflow/.local/lib/python3.12/site-packages/airflow/cli/commands/task_command.py", line 341, in _run_raw_task
    return ti._run_raw_task(
           ^^^^^^^^^^^^^^^^^
  File "/home/airflow/.local/lib/python3.12/site-packages/airflow/utils/session.py", line 97, in wrapper
    return func(*args, session=session, **kwargs)
           ^^^^^^^^^^^^^^^^^^^^^^^^^^^^^^^^^^^^^^
  File "/home/airflow/.local/lib/python3.12/site-packages/airflow/models/taskinstance.py", line 3004, in _run_raw_task
    return _run_raw_task(
           ^^^^^^^^^^^^^^
  File "/home/airflow/.local/lib/python3.12/site-packages/airflow/models/taskinstance.py", line 273, in _run_raw_task
    TaskInstance._execute_task_with_callbacks(
  File "/home/airflow/.local/lib/python3.12/site-packages/airflow/models/taskinstance.py", line 3158, in _execute_task_with_callbacks
    result = self._execute_task(context, task_orig)
             ^^^^^^^^^^^^^^^^^^^^^^^^^^^^^^^^^^^^^^
  File "/home/airflow/.local/lib/python3.12/site-packages/airflow/models/taskinstance.py", line 3182, in _execute_task
    return _execute_task(self, context, task_orig)
           ^^^^^^^^^^^^^^^^^^^^^^^^^^^^^^^^^^^^^^^
  File "/home/airflow/.local/lib/python3.12/site-packages/airflow/models/taskinstance.py", line 767, in _execute_task
    result = _execute_callable(context=context, **execute_callable_kwargs)
             ^^^^^^^^^^^^^^^^^^^^^^^^^^^^^^^^^^^^^^^^^^^^^^^^^^^^^^^^^^^^^
  File "/home/airflow/.local/lib/python3.12/site-packages/airflow/models/taskinstance.py", line 733, in _execute_callable
    return ExecutionCallableRunner(
           ^^^^^^^^^^^^^^^^^^^^^^^^
  File "/home/airflow/.local/lib/python3.12/site-packages/airflow/utils/operator_helpers.py", line 252, in run
    return self.func(*args, **kwargs)
           ^^^^^^^^^^^^^^^^^^^^^^^^^^
  File "/home/airflow/.local/lib/python3.12/site-packages/airflow/models/baseoperator.py", line 406, in wrapper
    return func(self, *args, **kwargs)
           ^^^^^^^^^^^^^^^^^^^^^^^^^^^
  File "/home/airflow/.local/lib/python3.12/site-packages/airflow/operators/python.py", line 274, in execute
    return self.do_branch(context, super().execute(context))
           ^^^^^^^^^^^^^^^^^^^^^^^^^^^^^^^^^^^^^^^^^^^^^^^^^
  File "/home/airflow/.local/lib/python3.12/site-packages/airflow/operators/branch.py", line 40, in do_branch
    self.skip_all_except(context["ti"], branch_task_ids)
  File "/home/airflow/.local/lib/python3.12/site-packages/airflow/models/skipmixin.py", line 189, in skip_all_except
    SkipMixin._skip_all_except(ti=ti, branch_task_ids=branch_task_ids)
  File "/home/airflow/.local/lib/python3.12/site-packages/airflow/api_internal/internal_api_call.py", line 139, in wrapper
    return func(*args, **kwargs)
           ^^^^^^^^^^^^^^^^^^^^^
  File "/home/airflow/.local/lib/python3.12/site-packages/airflow/utils/session.py", line 97, in wrapper
    return func(*args, session=session, **kwargs)
           ^^^^^^^^^^^^^^^^^^^^^^^^^^^^^^^^^^^^^^
  File "/home/airflow/.local/lib/python3.12/site-packages/airflow/models/skipmixin.py", line 243, in _skip_all_except
    raise AirflowException(
airflow.exceptions.AirflowException: 'branch_task_ids' must contain only valid task_ids. Invalid tasks found: {'Data Not Found'}.
[2024-11-05T13:13:57.068+0000] {local_task_job_runner.py:266} INFO - Task exited with return code 1
[2024-11-05T13:13:57.176+0000] {taskinstance.py:3900} INFO - 0 downstream tasks scheduled from follow-on schedule check
[2024-11-05T13:13:57.196+0000] {local_task_job_runner.py:245} INFO - ::endgroup::
